<?xml version="1.0" encoding="UTF-8"?>
<coverage generated="1539362756143" clover="3.2.0">
  <project timestamp="1539362756144" name="All files">
    <metrics statements="71" coveredstatements="47" conditionals="25" coveredconditionals="16" methods="29" coveredmethods="19" elements="125" coveredelements="82" complexity="0" loc="71" ncloc="71" packages="5" files="8" classes="8">
      <package name="app.actions">
        <metrics statements="34" coveredstatements="17" conditionals="6" coveredconditionals="2" methods="10" coveredmethods="5"/>
        <file name="basket.js" path="/Users/igolapa/Downloads/MOO-Coding-Task/app/actions/basket.js">
          <metrics statements="34" coveredstatements="17" conditionals="6" coveredconditionals="2" methods="10" coveredmethods="5"/>
          <line num="1" count="3" type="stmt"/>
          <line num="2" count="3" type="stmt"/>
          <line num="3" count="3" type="stmt"/>
          <line num="6" count="1" type="stmt"/>
          <line num="7" count="1" type="stmt"/>
          <line num="9" count="1" type="stmt"/>
          <line num="10" count="1" type="stmt"/>
          <line num="12" count="1" type="stmt"/>
          <line num="21" count="2" type="stmt"/>
          <line num="22" count="2" type="stmt"/>
          <line num="26" count="2" type="stmt"/>
          <line num="28" count="2" type="stmt"/>
          <line num="30" count="2" type="cond" truecount="2" falsecount="0"/>
          <line num="31" count="1" type="stmt"/>
          <line num="34" count="1" type="stmt"/>
          <line num="37" count="2" type="stmt"/>
          <line num="39" count="2" type="stmt"/>
          <line num="48" count="0" type="stmt"/>
          <line num="49" count="0" type="stmt"/>
          <line num="51" count="0" type="stmt"/>
          <line num="53" count="0" type="stmt"/>
          <line num="54" count="0" type="stmt"/>
          <line num="56" count="0" type="stmt"/>
          <line num="65" count="0" type="stmt"/>
          <line num="66" count="0" type="stmt"/>
          <line num="67" count="0" type="stmt"/>
          <line num="69" count="0" type="stmt"/>
          <line num="71" count="0" type="stmt"/>
          <line num="72" count="0" type="stmt"/>
          <line num="74" count="0" type="cond" truecount="0" falsecount="2"/>
          <line num="75" count="0" type="stmt"/>
          <line num="76" count="0" type="cond" truecount="0" falsecount="2"/>
          <line num="77" count="0" type="stmt"/>
          <line num="82" count="0" type="stmt"/>
        </file>
      </package>
      <package name="app.components">
        <metrics statements="9" coveredstatements="9" conditionals="4" coveredconditionals="4" methods="7" coveredmethods="7"/>
        <file name="BasketList.jsx" path="/Users/igolapa/Downloads/MOO-Coding-Task/app/components/BasketList.jsx">
          <metrics statements="5" coveredstatements="5" conditionals="4" coveredconditionals="4" methods="4" coveredmethods="4"/>
          <line num="3" count="2" type="stmt"/>
          <line num="4" count="4" type="stmt"/>
          <line num="9" count="6" type="stmt"/>
          <line num="14" count="1" type="stmt"/>
          <line num="15" count="1" type="stmt"/>
        </file>
        <file name="ProductList.jsx" path="/Users/igolapa/Downloads/MOO-Coding-Task/app/components/ProductList.jsx">
          <metrics statements="4" coveredstatements="4" conditionals="0" coveredconditionals="0" methods="3" coveredmethods="3"/>
          <line num="3" count="2" type="stmt"/>
          <line num="5" count="2" type="stmt"/>
          <line num="11" count="4" type="stmt"/>
          <line num="14" count="1" type="stmt"/>
        </file>
        <file name="index.js" path="/Users/igolapa/Downloads/MOO-Coding-Task/app/components/index.js">
          <metrics statements="0" coveredstatements="0" conditionals="0" coveredconditionals="0" methods="0" coveredmethods="0"/>
        </file>
      </package>
      <package name="app.container">
        <metrics statements="21" coveredstatements="14" conditionals="10" coveredconditionals="5" methods="10" coveredmethods="5"/>
        <file name="BasketPage.jsx" path="/Users/igolapa/Downloads/MOO-Coding-Task/app/container/BasketPage.jsx">
          <metrics statements="21" coveredstatements="14" conditionals="10" coveredconditionals="5" methods="10" coveredmethods="5"/>
          <line num="12" count="3" type="stmt"/>
          <line num="13" count="3" type="stmt"/>
          <line num="14" count="3" type="stmt"/>
          <line num="15" count="3" type="stmt"/>
          <line num="16" count="3" type="stmt"/>
          <line num="17" count="3" type="stmt"/>
          <line num="21" count="0" type="stmt"/>
          <line num="25" count="0" type="stmt"/>
          <line num="29" count="0" type="stmt"/>
          <line num="34" count="1" type="stmt"/>
          <line num="35" count="1" type="cond" truecount="1" falsecount="1"/>
          <line num="36" count="1" type="stmt"/>
          <line num="43" count="1" type="cond" truecount="2" falsecount="2"/>
          <line num="44" count="0" type="stmt"/>
          <line num="45" count="0" type="cond" truecount="0" falsecount="2"/>
          <line num="46" count="0" type="stmt"/>
          <line num="57" count="3" type="stmt"/>
          <line num="59" count="3" type="cond" truecount="2" falsecount="0"/>
          <line num="60" count="2" type="stmt"/>
          <line num="63" count="1" type="stmt"/>
          <line num="86" count="0" type="stmt"/>
        </file>
      </package>
      <package name="app.reducers">
        <metrics statements="6" coveredstatements="6" conditionals="5" coveredconditionals="5" methods="2" coveredmethods="2"/>
        <file name="basket.js" path="/Users/igolapa/Downloads/MOO-Coding-Task/app/reducers/basket.js">
          <metrics statements="4" coveredstatements="4" conditionals="4" coveredconditionals="4" methods="1" coveredmethods="1"/>
          <line num="9" count="3" type="cond" truecount="3" falsecount="0"/>
          <line num="11" count="1" type="stmt"/>
          <line num="17" count="1" type="stmt"/>
          <line num="22" count="1" type="stmt"/>
        </file>
        <file name="products.js" path="/Users/igolapa/Downloads/MOO-Coding-Task/app/reducers/products.js">
          <metrics statements="2" coveredstatements="2" conditionals="1" coveredconditionals="1" methods="1" coveredmethods="1"/>
          <line num="1" count="1" type="stmt"/>
          <line num="8" count="1" type="stmt"/>
        </file>
      </package>
      <package name="scripts">
        <metrics statements="1" coveredstatements="1" conditionals="0" coveredconditionals="0" methods="0" coveredmethods="0"/>
        <file name="setupTests.js" path="/Users/igolapa/Downloads/MOO-Coding-Task/scripts/setupTests.js">
          <metrics statements="1" coveredstatements="1" conditionals="0" coveredconditionals="0" methods="0" coveredmethods="0"/>
          <line num="4" count="6" type="stmt"/>
        </file>
      </package>
    </metrics>
  </project>
</coverage>
