{"/Users/igolapa/Downloads/MOO-Coding-Task/app/actions/basket.js": {"path":"/Users/igolapa/Downloads/MOO-Coding-Task/app/actions/basket.js","statementMap":{"0":{"start":{"line":1,"column":30},"end":{"line":1,"column":46}},"1":{"start":{"line":2,"column":29},"end":{"line":2,"column":44}},"2":{"start":{"line":3,"column":29},"end":{"line":3,"column":44}},"3":{"start":{"line":6,"column":4},"end":{"line":16,"column":6}},"4":{"start":{"line":7,"column":8},"end":{"line":7,"column":43}},"5":{"start":{"line":9,"column":25},"end":{"line":9,"column":98}},"6":{"start":{"line":10,"column":23},"end":{"line":10,"column":44}},"7":{"start":{"line":12,"column":8},"end":{"line":15,"column":10}},"8":{"start":{"line":21,"column":4},"end":{"line":43,"column":6}},"9":{"start":{"line":22,"column":29},"end":{"line":22,"column":32}},"10":{"start":{"line":26,"column":8},"end":{"line":26,"column":43}},"11":{"start":{"line":28,"column":31},"end":{"line":28,"column":141}},"12":{"start":{"line":28,"column":86},"end":{"line":28,"column":140}},"13":{"start":{"line":30,"column":8},"end":{"line":35,"column":9}},"14":{"start":{"line":31,"column":12},"end":{"line":31,"column":156}},"15":{"start":{"line":34,"column":12},"end":{"line":34,"column":160}},"16":{"start":{"line":37,"column":23},"end":{"line":37,"column":44}},"17":{"start":{"line":39,"column":8},"end":{"line":42,"column":10}},"18":{"start":{"line":48,"column":4},"end":{"line":60,"column":6}},"19":{"start":{"line":49,"column":29},"end":{"line":49,"column":32}},"20":{"start":{"line":51,"column":8},"end":{"line":51,"column":43}},"21":{"start":{"line":53,"column":25},"end":{"line":53,"column":157}},"22":{"start":{"line":54,"column":23},"end":{"line":54,"column":44}},"23":{"start":{"line":56,"column":8},"end":{"line":59,"column":10}},"24":{"start":{"line":65,"column":4},"end":{"line":87,"column":6}},"25":{"start":{"line":66,"column":29},"end":{"line":66,"column":32}},"26":{"start":{"line":67,"column":21},"end":{"line":67,"column":31}},"27":{"start":{"line":69,"column":8},"end":{"line":69,"column":43}},"28":{"start":{"line":71,"column":25},"end":{"line":71,"column":149}},"29":{"start":{"line":72,"column":27},"end":{"line":72,"column":48}},"30":{"start":{"line":74,"column":8},"end":{"line":80,"column":9}},"31":{"start":{"line":75,"column":12},"end":{"line":79,"column":15}},"32":{"start":{"line":76,"column":16},"end":{"line":78,"column":17}},"33":{"start":{"line":77,"column":20},"end":{"line":77,"column":54}},"34":{"start":{"line":82,"column":8},"end":{"line":86,"column":10}}},"fnMap":{"0":{"name":"loadBasket","decl":{"start":{"line":5,"column":16},"end":{"line":5,"column":26}},"loc":{"start":{"line":5,"column":29},"end":{"line":17,"column":1}},"line":5},"1":{"name":"(anonymous_1)","decl":{"start":{"line":6,"column":11},"end":{"line":6,"column":12}},"loc":{"start":{"line":6,"column":42},"end":{"line":16,"column":5}},"line":6},"2":{"name":"addToBasket","decl":{"start":{"line":19,"column":16},"end":{"line":19,"column":27}},"loc":{"start":{"line":19,"column":40},"end":{"line":44,"column":1}},"line":19},"3":{"name":"(anonymous_3)","decl":{"start":{"line":21,"column":11},"end":{"line":21,"column":12}},"loc":{"start":{"line":21,"column":42},"end":{"line":43,"column":5}},"line":21},"4":{"name":"(anonymous_4)","decl":{"start":{"line":28,"column":75},"end":{"line":28,"column":76}},"loc":{"start":{"line":28,"column":86},"end":{"line":28,"column":140}},"line":28},"5":{"name":"decrementItemInBasket","decl":{"start":{"line":46,"column":16},"end":{"line":46,"column":37}},"loc":{"start":{"line":46,"column":50},"end":{"line":61,"column":1}},"line":46},"6":{"name":"(anonymous_6)","decl":{"start":{"line":48,"column":11},"end":{"line":48,"column":12}},"loc":{"start":{"line":48,"column":42},"end":{"line":60,"column":5}},"line":48},"7":{"name":"removeItemFromBasket","decl":{"start":{"line":63,"column":16},"end":{"line":63,"column":36}},"loc":{"start":{"line":63,"column":49},"end":{"line":88,"column":1}},"line":63},"8":{"name":"(anonymous_8)","decl":{"start":{"line":65,"column":11},"end":{"line":65,"column":12}},"loc":{"start":{"line":65,"column":42},"end":{"line":87,"column":5}},"line":65},"9":{"name":"(anonymous_9)","decl":{"start":{"line":75,"column":46},"end":{"line":75,"column":47}},"loc":{"start":{"line":75,"column":57},"end":{"line":79,"column":13}},"line":75}},"branchMap":{"0":{"loc":{"start":{"line":30,"column":8},"end":{"line":35,"column":9}},"type":"if","locations":[{"start":{"line":30,"column":8},"end":{"line":35,"column":9}},{"start":{"line":30,"column":8},"end":{"line":35,"column":9}}],"line":30},"1":{"loc":{"start":{"line":74,"column":8},"end":{"line":80,"column":9}},"type":"if","locations":[{"start":{"line":74,"column":8},"end":{"line":80,"column":9}},{"start":{"line":74,"column":8},"end":{"line":80,"column":9}}],"line":74},"2":{"loc":{"start":{"line":76,"column":16},"end":{"line":78,"column":17}},"type":"if","locations":[{"start":{"line":76,"column":16},"end":{"line":78,"column":17}},{"start":{"line":76,"column":16},"end":{"line":78,"column":17}}],"line":76}},"s":{"0":3,"1":3,"2":3,"3":1,"4":1,"5":1,"6":1,"7":1,"8":2,"9":2,"10":2,"11":2,"12":1,"13":2,"14":1,"15":1,"16":2,"17":2,"18":0,"19":0,"20":0,"21":0,"22":0,"23":0,"24":0,"25":0,"26":0,"27":0,"28":0,"29":0,"30":0,"31":0,"32":0,"33":0,"34":0},"f":{"0":1,"1":1,"2":2,"3":2,"4":1,"5":0,"6":0,"7":0,"8":0,"9":0},"b":{"0":[1,1],"1":[0,0],"2":[0,0]},"_coverageSchema":"332fd63041d2c1bcb487cc26dd0d5f7d97098a6c","hash":"445ca6a13c7aa120569c429f8cb4797925a67626"}
,"/Users/igolapa/Downloads/MOO-Coding-Task/app/components/BasketList.jsx": {"path":"/Users/igolapa/Downloads/MOO-Coding-Task/app/components/BasketList.jsx","statementMap":{"0":{"start":{"line":3,"column":19},"end":{"line":25,"column":1}},"1":{"start":{"line":4,"column":4},"end":{"line":24,"column":10}},"2":{"start":{"line":9,"column":20},"end":{"line":18,"column":21}},"3":{"start":{"line":14,"column":112},"end":{"line":14,"column":146}},"4":{"start":{"line":15,"column":111},"end":{"line":15,"column":140}}},"fnMap":{"0":{"name":"(anonymous_0)","decl":{"start":{"line":3,"column":19},"end":{"line":3,"column":20}},"loc":{"start":{"line":4,"column":4},"end":{"line":24,"column":10}},"line":4},"1":{"name":"(anonymous_1)","decl":{"start":{"line":8,"column":27},"end":{"line":8,"column":28}},"loc":{"start":{"line":8,"column":35},"end":{"line":19,"column":17}},"line":8},"2":{"name":"(anonymous_2)","decl":{"start":{"line":14,"column":106},"end":{"line":14,"column":107}},"loc":{"start":{"line":14,"column":112},"end":{"line":14,"column":146}},"line":14},"3":{"name":"(anonymous_3)","decl":{"start":{"line":15,"column":105},"end":{"line":15,"column":106}},"loc":{"start":{"line":15,"column":111},"end":{"line":15,"column":140}},"line":15}},"branchMap":{"0":{"loc":{"start":{"line":7,"column":13},"end":{"line":22,"column":13}},"type":"cond-expr","locations":[{"start":{"line":8,"column":16},"end":{"line":19,"column":18}},{"start":{"line":21,"column":16},"end":{"line":21,"column":120}}],"line":7},"1":{"loc":{"start":{"line":7,"column":13},"end":{"line":7,"column":49}},"type":"binary-expr","locations":[{"start":{"line":7,"column":13},"end":{"line":7,"column":19}},{"start":{"line":7,"column":23},"end":{"line":7,"column":49}}],"line":7}},"s":{"0":2,"1":4,"2":6,"3":1,"4":1},"f":{"0":4,"1":6,"2":1,"3":1},"b":{"0":[3,1],"1":[4,4]},"_coverageSchema":"332fd63041d2c1bcb487cc26dd0d5f7d97098a6c","hash":"2d36334df1d7ab478a530bd9e86ee64c9f84b383"}
,"/Users/igolapa/Downloads/MOO-Coding-Task/app/components/ProductList.jsx": {"path":"/Users/igolapa/Downloads/MOO-Coding-Task/app/components/ProductList.jsx","statementMap":{"0":{"start":{"line":3,"column":20},"end":{"line":22,"column":1}},"1":{"start":{"line":5,"column":4},"end":{"line":21,"column":5}},"2":{"start":{"line":11,"column":24},"end":{"line":16,"column":25}},"3":{"start":{"line":14,"column":112},"end":{"line":14,"column":135}}},"fnMap":{"0":{"name":"(anonymous_0)","decl":{"start":{"line":3,"column":20},"end":{"line":3,"column":21}},"loc":{"start":{"line":3,"column":51},"end":{"line":22,"column":1}},"line":3},"1":{"name":"(anonymous_1)","decl":{"start":{"line":10,"column":33},"end":{"line":10,"column":34}},"loc":{"start":{"line":10,"column":43},"end":{"line":17,"column":21}},"line":10},"2":{"name":"(anonymous_2)","decl":{"start":{"line":14,"column":106},"end":{"line":14,"column":107}},"loc":{"start":{"line":14,"column":112},"end":{"line":14,"column":135}},"line":14}},"branchMap":{},"s":{"0":2,"1":2,"2":4,"3":1},"f":{"0":2,"1":4,"2":1},"b":{},"_coverageSchema":"332fd63041d2c1bcb487cc26dd0d5f7d97098a6c","hash":"ebc4ea27a641801659d9d52c258d1ff2eaa7c700"}
,"/Users/igolapa/Downloads/MOO-Coding-Task/app/components/index.js": {"path":"/Users/igolapa/Downloads/MOO-Coding-Task/app/components/index.js","statementMap":{},"fnMap":{},"branchMap":{},"s":{},"f":{},"b":{},"_coverageSchema":"332fd63041d2c1bcb487cc26dd0d5f7d97098a6c","hash":"a040640174e45781a247bf8b02a32cbf5bac858f"}
,"/Users/igolapa/Downloads/MOO-Coding-Task/app/container/BasketPage.jsx": {"path":"/Users/igolapa/Downloads/MOO-Coding-Task/app/container/BasketPage.jsx","statementMap":{"0":{"start":{"line":12,"column":8},"end":{"line":12,"column":21}},"1":{"start":{"line":13,"column":8},"end":{"line":13,"column":27}},"2":{"start":{"line":14,"column":8},"end":{"line":14,"column":55}},"3":{"start":{"line":15,"column":8},"end":{"line":15,"column":75}},"4":{"start":{"line":16,"column":8},"end":{"line":16,"column":75}},"5":{"start":{"line":17,"column":8},"end":{"line":17,"column":61}},"6":{"start":{"line":21,"column":8},"end":{"line":21,"column":46}},"7":{"start":{"line":25,"column":8},"end":{"line":25,"column":37}},"8":{"start":{"line":29,"column":8},"end":{"line":29,"column":49}},"9":{"start":{"line":34,"column":8},"end":{"line":38,"column":11}},"10":{"start":{"line":35,"column":12},"end":{"line":37,"column":13}},"11":{"start":{"line":36,"column":16},"end":{"line":36,"column":28}},"12":{"start":{"line":43,"column":8},"end":{"line":52,"column":9}},"13":{"start":{"line":44,"column":12},"end":{"line":51,"column":15}},"14":{"start":{"line":45,"column":16},"end":{"line":50,"column":17}},"15":{"start":{"line":46,"column":20},"end":{"line":49,"column":21}},"16":{"start":{"line":57,"column":48},"end":{"line":57,"column":58}},"17":{"start":{"line":59,"column":8},"end":{"line":61,"column":9}},"18":{"start":{"line":60,"column":12},"end":{"line":60,"column":52}},"19":{"start":{"line":63,"column":8},"end":{"line":80,"column":9}},"20":{"start":{"line":86,"column":4},"end":{"line":90,"column":5}}},"fnMap":{"0":{"name":"(anonymous_0)","decl":{"start":{"line":11,"column":4},"end":{"line":11,"column":5}},"loc":{"start":{"line":11,"column":23},"end":{"line":18,"column":5}},"line":11},"1":{"name":"(anonymous_1)","decl":{"start":{"line":20,"column":4},"end":{"line":20,"column":5}},"loc":{"start":{"line":20,"column":32},"end":{"line":22,"column":5}},"line":20},"2":{"name":"(anonymous_2)","decl":{"start":{"line":24,"column":4},"end":{"line":24,"column":5}},"loc":{"start":{"line":24,"column":22},"end":{"line":26,"column":5}},"line":24},"3":{"name":"(anonymous_3)","decl":{"start":{"line":28,"column":4},"end":{"line":28,"column":5}},"loc":{"start":{"line":28,"column":34},"end":{"line":30,"column":5}},"line":28},"4":{"name":"(anonymous_4)","decl":{"start":{"line":32,"column":4},"end":{"line":32,"column":5}},"loc":{"start":{"line":32,"column":26},"end":{"line":39,"column":5}},"line":32},"5":{"name":"(anonymous_5)","decl":{"start":{"line":34,"column":40},"end":{"line":34,"column":41}},"loc":{"start":{"line":34,"column":50},"end":{"line":38,"column":9}},"line":34},"6":{"name":"(anonymous_6)","decl":{"start":{"line":41,"column":4},"end":{"line":41,"column":5}},"loc":{"start":{"line":41,"column":31},"end":{"line":54,"column":5}},"line":41},"7":{"name":"(anonymous_7)","decl":{"start":{"line":44,"column":53},"end":{"line":44,"column":54}},"loc":{"start":{"line":44,"column":62},"end":{"line":51,"column":13}},"line":44},"8":{"name":"(anonymous_8)","decl":{"start":{"line":56,"column":4},"end":{"line":56,"column":5}},"loc":{"start":{"line":56,"column":13},"end":{"line":81,"column":5}},"line":56},"9":{"name":"mapStateToProps","decl":{"start":{"line":85,"column":16},"end":{"line":85,"column":31}},"loc":{"start":{"line":85,"column":54},"end":{"line":91,"column":1}},"line":85}},"branchMap":{"0":{"loc":{"start":{"line":35,"column":12},"end":{"line":37,"column":13}},"type":"if","locations":[{"start":{"line":35,"column":12},"end":{"line":37,"column":13}},{"start":{"line":35,"column":12},"end":{"line":37,"column":13}}],"line":35},"1":{"loc":{"start":{"line":43,"column":8},"end":{"line":52,"column":9}},"type":"if","locations":[{"start":{"line":43,"column":8},"end":{"line":52,"column":9}},{"start":{"line":43,"column":8},"end":{"line":52,"column":9}}],"line":43},"2":{"loc":{"start":{"line":43,"column":12},"end":{"line":43,"column":86}},"type":"binary-expr","locations":[{"start":{"line":43,"column":12},"end":{"line":43,"column":42}},{"start":{"line":43,"column":46},"end":{"line":43,"column":86}}],"line":43},"3":{"loc":{"start":{"line":45,"column":16},"end":{"line":50,"column":17}},"type":"if","locations":[{"start":{"line":45,"column":16},"end":{"line":50,"column":17}},{"start":{"line":45,"column":16},"end":{"line":50,"column":17}}],"line":45},"4":{"loc":{"start":{"line":59,"column":8},"end":{"line":61,"column":9}},"type":"if","locations":[{"start":{"line":59,"column":8},"end":{"line":61,"column":9}},{"start":{"line":59,"column":8},"end":{"line":61,"column":9}}],"line":59}},"s":{"0":3,"1":3,"2":3,"3":3,"4":3,"5":3,"6":0,"7":0,"8":0,"9":1,"10":1,"11":1,"12":1,"13":0,"14":0,"15":0,"16":3,"17":3,"18":2,"19":1,"20":0},"f":{"0":3,"1":0,"2":0,"3":0,"4":1,"5":1,"6":1,"7":0,"8":3,"9":0},"b":{"0":[1,0],"1":[0,1],"2":[1,0],"3":[0,0],"4":[2,1]},"_coverageSchema":"332fd63041d2c1bcb487cc26dd0d5f7d97098a6c","hash":"78c6e7f34c26aa46a418abfd9be0fcca1c10d765"}
,"/Users/igolapa/Downloads/MOO-Coding-Task/app/reducers/basket.js": {"path":"/Users/igolapa/Downloads/MOO-Coding-Task/app/reducers/basket.js","statementMap":{"0":{"start":{"line":9,"column":4},"end":{"line":23,"column":5}},"1":{"start":{"line":11,"column":12},"end":{"line":15,"column":13}},"2":{"start":{"line":17,"column":12},"end":{"line":20,"column":13}},"3":{"start":{"line":22,"column":12},"end":{"line":22,"column":25}}},"fnMap":{"0":{"name":"basketReducer","decl":{"start":{"line":7,"column":9},"end":{"line":7,"column":22}},"loc":{"start":{"line":7,"column":52},"end":{"line":25,"column":1}},"line":7}},"branchMap":{"0":{"loc":{"start":{"line":7,"column":23},"end":{"line":7,"column":42}},"type":"default-arg","locations":[{"start":{"line":7,"column":29},"end":{"line":7,"column":42}}],"line":7},"1":{"loc":{"start":{"line":9,"column":4},"end":{"line":23,"column":5}},"type":"switch","locations":[{"start":{"line":10,"column":8},"end":{"line":15,"column":13}},{"start":{"line":16,"column":8},"end":{"line":20,"column":13}},{"start":{"line":21,"column":8},"end":{"line":22,"column":25}}],"line":9}},"s":{"0":3,"1":1,"2":1,"3":1},"f":{"0":3},"b":{"0":[3],"1":[1,1,1]},"_coverageSchema":"332fd63041d2c1bcb487cc26dd0d5f7d97098a6c","hash":"6ea1558765c4d6aadc76e511d7a7979e3e6ffd5e"}
,"/Users/igolapa/Downloads/MOO-Coding-Task/app/reducers/products.js": {"path":"/Users/igolapa/Downloads/MOO-Coding-Task/app/reducers/products.js","statementMap":{"0":{"start":{"line":1,"column":20},"end":{"line":5,"column":1}},"1":{"start":{"line":8,"column":4},"end":{"line":8,"column":17}}},"fnMap":{"0":{"name":"products","decl":{"start":{"line":7,"column":9},"end":{"line":7,"column":17}},"loc":{"start":{"line":7,"column":45},"end":{"line":9,"column":1}},"line":7}},"branchMap":{"0":{"loc":{"start":{"line":7,"column":18},"end":{"line":7,"column":35}},"type":"default-arg","locations":[{"start":{"line":7,"column":24},"end":{"line":7,"column":35}}],"line":7}},"s":{"0":1,"1":1},"f":{"0":1},"b":{"0":[1]},"_coverageSchema":"332fd63041d2c1bcb487cc26dd0d5f7d97098a6c","hash":"1cc30e3eab17e1aee4b99b227fd8fb5031db1b2b"}
,"/Users/igolapa/Downloads/MOO-Coding-Task/scripts/setupTests.js": {"path":"/Users/igolapa/Downloads/MOO-Coding-Task/scripts/setupTests.js","statementMap":{"0":{"start":{"line":4,"column":0},"end":{"line":4,"column":38}}},"fnMap":{},"branchMap":{},"s":{"0":6},"f":{},"b":{},"_coverageSchema":"332fd63041d2c1bcb487cc26dd0d5f7d97098a6c","hash":"8caa501e8251f98f980570193adc42c707c0b509"}
}
