TN:
SF:/Users/igolapa/Downloads/MOO-Coding-Task/app/actions/basket.js
FN:5,loadBasket
FN:6,(anonymous_1)
FN:19,addToBasket
FN:21,(anonymous_3)
FN:28,(anonymous_4)
FN:46,decrementItemInBasket
FN:48,(anonymous_6)
FN:63,removeItemFromBasket
FN:65,(anonymous_8)
FN:75,(anonymous_9)
FNF:10
FNH:5
FNDA:1,loadBasket
FNDA:1,(anonymous_1)
FNDA:2,addToBasket
FNDA:2,(anonymous_3)
FNDA:1,(anonymous_4)
FNDA:0,decrementItemInBasket
FNDA:0,(anonymous_6)
FNDA:0,removeItemFromBasket
FNDA:0,(anonymous_8)
FNDA:0,(anonymous_9)
DA:1,3
DA:2,3
DA:3,3
DA:6,1
DA:7,1
DA:9,1
DA:10,1
DA:12,1
DA:21,2
DA:22,2
DA:26,2
DA:28,2
DA:30,2
DA:31,1
DA:34,1
DA:37,2
DA:39,2
DA:48,0
DA:49,0
DA:51,0
DA:53,0
DA:54,0
DA:56,0
DA:65,0
DA:66,0
DA:67,0
DA:69,0
DA:71,0
DA:72,0
DA:74,0
DA:75,0
DA:76,0
DA:77,0
DA:82,0
LF:34
LH:17
BRDA:30,0,0,1
BRDA:30,0,1,1
BRDA:74,1,0,0
BRDA:74,1,1,0
BRDA:76,2,0,0
BRDA:76,2,1,0
BRF:6
BRH:2
end_of_record
TN:
SF:/Users/igolapa/Downloads/MOO-Coding-Task/app/components/BasketList.jsx
FN:3,(anonymous_0)
FN:8,(anonymous_1)
FN:14,(anonymous_2)
FN:15,(anonymous_3)
FNF:4
FNH:4
FNDA:4,(anonymous_0)
FNDA:6,(anonymous_1)
FNDA:1,(anonymous_2)
FNDA:1,(anonymous_3)
DA:3,2
DA:4,4
DA:9,6
DA:14,1
DA:15,1
LF:5
LH:5
BRDA:7,0,0,3
BRDA:7,0,1,1
BRDA:7,1,0,4
BRDA:7,1,1,4
BRF:4
BRH:4
end_of_record
TN:
SF:/Users/igolapa/Downloads/MOO-Coding-Task/app/components/ProductList.jsx
FN:3,(anonymous_0)
FN:10,(anonymous_1)
FN:14,(anonymous_2)
FNF:3
FNH:3
FNDA:2,(anonymous_0)
FNDA:4,(anonymous_1)
FNDA:1,(anonymous_2)
DA:3,2
DA:5,2
DA:11,4
DA:14,1
LF:4
LH:4
BRF:0
BRH:0
end_of_record
TN:
SF:/Users/igolapa/Downloads/MOO-Coding-Task/app/components/index.js
FNF:0
FNH:0
LF:0
LH:0
BRF:0
BRH:0
end_of_record
TN:
SF:/Users/igolapa/Downloads/MOO-Coding-Task/app/container/BasketPage.jsx
FN:11,(anonymous_0)
FN:20,(anonymous_1)
FN:24,(anonymous_2)
FN:28,(anonymous_3)
FN:32,(anonymous_4)
FN:34,(anonymous_5)
FN:41,(anonymous_6)
FN:44,(anonymous_7)
FN:56,(anonymous_8)
FN:85,mapStateToProps
FNF:10
FNH:5
FNDA:3,(anonymous_0)
FNDA:0,(anonymous_1)
FNDA:0,(anonymous_2)
FNDA:0,(anonymous_3)
FNDA:1,(anonymous_4)
FNDA:1,(anonymous_5)
FNDA:1,(anonymous_6)
FNDA:0,(anonymous_7)
FNDA:3,(anonymous_8)
FNDA:0,mapStateToProps
DA:12,3
DA:13,3
DA:14,3
DA:15,3
DA:16,3
DA:17,3
DA:21,0
DA:25,0
DA:29,0
DA:34,1
DA:35,1
DA:36,1
DA:43,1
DA:44,0
DA:45,0
DA:46,0
DA:57,3
DA:59,3
DA:60,2
DA:63,1
DA:86,0
LF:21
LH:14
BRDA:35,0,0,1
BRDA:35,0,1,0
BRDA:43,1,0,0
BRDA:43,1,1,1
BRDA:43,2,0,1
BRDA:43,2,1,0
BRDA:45,3,0,0
BRDA:45,3,1,0
BRDA:59,4,0,2
BRDA:59,4,1,1
BRF:10
BRH:5
end_of_record
TN:
SF:/Users/igolapa/Downloads/MOO-Coding-Task/app/reducers/basket.js
FN:7,basketReducer
FNF:1
FNH:1
FNDA:3,basketReducer
DA:9,3
DA:11,1
DA:17,1
DA:22,1
LF:4
LH:4
BRDA:7,0,0,3
BRDA:9,1,0,1
BRDA:9,1,1,1
BRDA:9,1,2,1
BRF:4
BRH:4
end_of_record
TN:
SF:/Users/igolapa/Downloads/MOO-Coding-Task/app/reducers/products.js
FN:7,products
FNF:1
FNH:1
FNDA:1,products
DA:1,1
DA:8,1
LF:2
LH:2
BRDA:7,0,0,1
BRF:1
BRH:1
end_of_record
TN:
SF:/Users/igolapa/Downloads/MOO-Coding-Task/scripts/setupTests.js
FNF:0
FNH:0
DA:4,6
LF:1
LH:1
BRF:0
BRH:0
end_of_record
